Arguments: 
  C:\Program Files\nodejs\node.exe C:\Users\admin\AppData\Roaming\npm\node_modules\yarn\bin\yarn.js install

PATH: 
  C:\WINDOWS\system32;C:\WINDOWS;C:\WINDOWS\System32\Wbem;C:\WINDOWS\System32\WindowsPowerShell\v1.0\;C:\WINDOWS\System32\OpenSSH\;D:\Apps\php;C:\ProgramData\ComposerSetup\bin;C:\Program Files\PostgreSQL\14\bin;C:\Program Files\PostgreSQL\14\lib;C:\Users\admin\AppData\Roaming\nvm;C:\Program Files\nodejs;C:\Program Files\nodejs\;C:\Program Files\TortoiseSVN\bin;C:\Program Files\Git\cmd;C:\Program Files\PuTTY\;C:\Program Files (x86)\Google\Cloud SDK\google-cloud-sdk\bin;C:\Program Files\Docker\Docker\resources\bin;C:\Users\admin\.pyenv\pyenv-win\bin;C:\Users\admin\.pyenv\pyenv-win\shims;C:\Users\admin\AppData\Local\Programs\Python\Python310\Scripts\;C:\Users\admin\AppData\Local\Programs\Python\Python310\;C:\Users\admin\.windows-build-tools\python27\;C:\Users\admin\AppData\Local\Microsoft\WindowsApps;C:\Users\admin\AppData\Local\Programs\Microsoft VS Code\bin;C:\Users\admin\AppData\Roaming\Composer\vendor\bin;C:\Users\admin\AppData\Local\Microsoft\WindowsApps;C:\Users\admin\AppData\Roaming\nvm;C:\Program Files\nodejs;C:\Users\admin\AppData\Roaming\npm;C:\Users\admin\AppData\Local\Programs\cursor\resources\app\bin;C:\Users\admin\AppData\Local\Programs\Windsurf\bin

Yarn version: 
  1.22.10

Node version: 
  20.19.0

Platform: 
  win32 x64

Trace: 
  Error: https://registry.yarnpkg.com/@radix-ui%2freact-button: Not found
      at params.callback [as _callback] (C:\Users\admin\AppData\Roaming\npm\node_modules\yarn\lib\cli.js:66988:18)
      at self.callback (C:\Users\admin\AppData\Roaming\npm\node_modules\yarn\lib\cli.js:140662:22)
      at Request.emit (node:events:524:28)
      at Request.<anonymous> (C:\Users\admin\AppData\Roaming\npm\node_modules\yarn\lib\cli.js:141634:10)
      at Request.emit (node:events:524:28)
      at IncomingMessage.<anonymous> (C:\Users\admin\AppData\Roaming\npm\node_modules\yarn\lib\cli.js:141556:12)
      at Object.onceWrapper (node:events:638:28)
      at IncomingMessage.emit (node:events:536:35)
      at endReadableNT (node:internal/streams/readable:1698:12)
      at process.processTicksAndRejections (node:internal/process/task_queues:82:21)

npm manifest: 
  {
    "name": "resource-management-frontend",
    "version": "0.1.0",
    "private": true,
    "scripts": {
      "dev": "next dev",
      "build": "next build",
      "start": "next start",
      "lint": "next lint"
    },
    "dependencies": {
      "@hookform/resolvers": "^3.3.2",
      "@radix-ui/react-alert-dialog": "^1.0.5",
      "@radix-ui/react-avatar": "^1.0.4",
      "@radix-ui/react-button": "^1.0.3",
      "@radix-ui/react-card": "^1.0.4",
      "@radix-ui/react-checkbox": "^1.0.4",
      "@radix-ui/react-dialog": "^1.0.5",
      "@radix-ui/react-dropdown-menu": "^2.0.6",
      "@radix-ui/react-form": "^0.0.3",
      "@radix-ui/react-icons": "^1.3.0",
      "@radix-ui/react-input": "^1.0.2",
      "@radix-ui/react-label": "^2.0.2",
      "@radix-ui/react-select": "^2.0.0",
      "@radix-ui/react-separator": "^1.0.3",
      "@radix-ui/react-slot": "^1.0.2",
      "@radix-ui/react-switch": "^1.0.3",
      "@radix-ui/react-toast": "^1.1.5",
      "@tanstack/react-query": "^5.8.4",
      "axios": "^1.6.2",
      "class-variance-authority": "^0.7.0",
      "clsx": "^2.0.0",
      "lucide-react": "^0.294.0",
      "next": "14.0.3",
      "react": "^18",
      "react-dom": "^18",
      "react-hook-form": "^7.48.2",
      "tailwind-merge": "^2.0.0",
      "tailwindcss-animate": "^1.0.7",
      "zod": "^3.22.4",
      "zustand": "^4.4.7"
    },
    "devDependencies": {
      "@types/node": "^20",
      "@types/react": "^18",
      "@types/react-dom": "^18",
      "autoprefixer": "^10.0.1",
      "eslint": "^8",
      "eslint-config-next": "14.0.3",
      "postcss": "^8",
      "tailwindcss": "^3.3.0"
    }
  }

yarn manifest: 
  No manifest

Lockfile: 
  No lockfile
